C:\USERS\CRKINNEY\DESKTOP\LAB 5 ROCKET\LAB 5 ROCKET\LAB 5 ROCKET\DEBUG\CD3DMANAGER.OBJ
C:\USERS\CRKINNEY\DESKTOP\LAB 5 ROCKET\LAB 5 ROCKET\LAB 5 ROCKET\DEBUG\CD3DXSPRITEMGR.OBJ
C:\USERS\CRKINNEY\DESKTOP\LAB 5 ROCKET\LAB 5 ROCKET\LAB 5 ROCKET\DEBUG\CD3DXTEXTURE.OBJ
C:\USERS\CRKINNEY\DESKTOP\LAB 5 ROCKET\LAB 5 ROCKET\LAB 5 ROCKET\DEBUG\CSPRITE.OBJ
C:\USERS\CRKINNEY\DESKTOP\LAB 5 ROCKET\LAB 5 ROCKET\LAB 5 ROCKET\DEBUG\CENEMY.OBJ
C:\USERS\CRKINNEY\DESKTOP\LAB 5 ROCKET\LAB 5 ROCKET\LAB 5 ROCKET\DEBUG\MAIN.OBJ
C:\USERS\CRKINNEY\DESKTOP\LAB 5 ROCKET\LAB 5 ROCKET\LAB 5 ROCKET\DEBUG\VC110.PDB
E:\LAB 5 ROCKET\LAB 5 ROCKET\LAB 5 ROCKET\DEBUG\CD3DMANAGER.OBJ
E:\LAB 5 ROCKET\LAB 5 ROCKET\LAB 5 ROCKET\DEBUG\CD3DXSPRITEMGR.OBJ
E:\LAB 5 ROCKET\LAB 5 ROCKET\LAB 5 ROCKET\DEBUG\CD3DXTEXTURE.OBJ
E:\LAB 5 ROCKET\LAB 5 ROCKET\LAB 5 ROCKET\DEBUG\CSPRITE.OBJ
E:\LAB 5 ROCKET\LAB 5 ROCKET\LAB 5 ROCKET\DEBUG\CENEMY.OBJ
E:\LAB 5 ROCKET\LAB 5 ROCKET\LAB 5 ROCKET\DEBUG\MAIN.OBJ
E:\LAB 5 ROCKET\LAB 5 ROCKET\LAB 5 ROCKET\DEBUG\VC110.PDB
E:\LAB 5 ROCKET\LAB 5 ROCKET\LAB 5 ROCKET\DEBUG\CXAUDIO.OBJ
C:\USERS\CRKINNEY\DESKTOP\LAB 5 ROCKET\LAB 5 ROCKET\DEBUG\LAB 5 ROCKET.ILK
C:\USERS\CRKINNEY\DESKTOP\LAB 5 ROCKET\LAB 5 ROCKET\DEBUG\LAB 5 ROCKET.EXE
C:\USERS\CRKINNEY\DESKTOP\LAB 5 ROCKET\LAB 5 ROCKET\DEBUG\LAB 5 ROCKET.PDB
E:\LAB 5 ROCKET\LAB 5 ROCKET\DEBUG\LAB 5 ROCKET.ILK
E:\LAB 5 ROCKET\LAB 5 ROCKET\DEBUG\LAB 5 ROCKET.EXE
E:\LAB 5 ROCKET\LAB 5 ROCKET\DEBUG\LAB 5 ROCKET.PDB
E:\Lab 5 Rocket\Lab 5 Rocket\Lab 5 Rocket\Debug\cD3DManager.obj
E:\Lab 5 Rocket\Lab 5 Rocket\Lab 5 Rocket\Debug\cD3DXSpriteMgr.obj
E:\Lab 5 Rocket\Lab 5 Rocket\Lab 5 Rocket\Debug\cD3DXTexture.obj
E:\Lab 5 Rocket\Lab 5 Rocket\Lab 5 Rocket\Debug\cSprite.obj
E:\Lab 5 Rocket\Lab 5 Rocket\Lab 5 Rocket\Debug\cEnemy.obj
E:\Lab 5 Rocket\Lab 5 Rocket\Lab 5 Rocket\Debug\main.obj
E:\Lab 5 Rocket\Lab 5 Rocket\Lab 5 Rocket\Debug\cXAudio.obj
E:\Lab 5 Rocket\Lab 5 Rocket\Lab 5 Rocket\Debug\cl.command.1.tlog
E:\Lab 5 Rocket\Lab 5 Rocket\Lab 5 Rocket\Debug\CL.read.1.tlog
E:\Lab 5 Rocket\Lab 5 Rocket\Lab 5 Rocket\Debug\CL.write.1.tlog
E:\Lab 5 Rocket\Lab 5 Rocket\Lab 5 Rocket\Debug\link-cvtres.read.1.tlog
E:\Lab 5 Rocket\Lab 5 Rocket\Lab 5 Rocket\Debug\link-cvtres.write.1.tlog
E:\Lab 5 Rocket\Lab 5 Rocket\Lab 5 Rocket\Debug\link-rc.read.1.tlog
E:\Lab 5 Rocket\Lab 5 Rocket\Lab 5 Rocket\Debug\link-rc.write.1.tlog
E:\Lab 5 Rocket\Lab 5 Rocket\Lab 5 Rocket\Debug\link.10768-cvtres.read.1.tlog
E:\Lab 5 Rocket\Lab 5 Rocket\Lab 5 Rocket\Debug\link.10768-cvtres.write.1.tlog
E:\Lab 5 Rocket\Lab 5 Rocket\Lab 5 Rocket\Debug\link.10768-rc.read.1.tlog
E:\Lab 5 Rocket\Lab 5 Rocket\Lab 5 Rocket\Debug\link.10768-rc.write.1.tlog
E:\Lab 5 Rocket\Lab 5 Rocket\Lab 5 Rocket\Debug\link.10768.read.1.tlog
E:\Lab 5 Rocket\Lab 5 Rocket\Lab 5 Rocket\Debug\link.10768.write.1.tlog
E:\Lab 5 Rocket\Lab 5 Rocket\Lab 5 Rocket\Debug\link.5708-cvtres.read.1.tlog
E:\Lab 5 Rocket\Lab 5 Rocket\Lab 5 Rocket\Debug\link.5708-cvtres.write.1.tlog
E:\Lab 5 Rocket\Lab 5 Rocket\Lab 5 Rocket\Debug\link.5708-rc.read.1.tlog
E:\Lab 5 Rocket\Lab 5 Rocket\Lab 5 Rocket\Debug\link.5708-rc.write.1.tlog
E:\Lab 5 Rocket\Lab 5 Rocket\Lab 5 Rocket\Debug\link.5708.read.1.tlog
E:\Lab 5 Rocket\Lab 5 Rocket\Lab 5 Rocket\Debug\link.5708.write.1.tlog
E:\Lab 5 Rocket\Lab 5 Rocket\Lab 5 Rocket\Debug\link.6740-cvtres.read.1.tlog
E:\Lab 5 Rocket\Lab 5 Rocket\Lab 5 Rocket\Debug\link.6740-cvtres.write.1.tlog
E:\Lab 5 Rocket\Lab 5 Rocket\Lab 5 Rocket\Debug\link.6740-rc.read.1.tlog
E:\Lab 5 Rocket\Lab 5 Rocket\Lab 5 Rocket\Debug\link.6740-rc.write.1.tlog
E:\Lab 5 Rocket\Lab 5 Rocket\Lab 5 Rocket\Debug\link.6740.read.1.tlog
E:\Lab 5 Rocket\Lab 5 Rocket\Lab 5 Rocket\Debug\link.6740.write.1.tlog
E:\Lab 5 Rocket\Lab 5 Rocket\Lab 5 Rocket\Debug\link.command.1.tlog
E:\Lab 5 Rocket\Lab 5 Rocket\Lab 5 Rocket\Debug\link.read.1.tlog
E:\Lab 5 Rocket\Lab 5 Rocket\Lab 5 Rocket\Debug\link.write.1.tlog
E:\Lab 5 Rocket\Lab 5 Rocket\Lab 5 Rocket\Debug\link.6172.read.1.tlog
E:\Lab 5 Rocket\Lab 5 Rocket\Lab 5 Rocket\Debug\link.3852-rc.read.1.tlog
E:\Lab 5 Rocket\Lab 5 Rocket\Lab 5 Rocket\Debug\link.3852-rc.write.1.tlog
E:\Lab 5 Rocket\Lab 5 Rocket\Lab 5 Rocket\Debug\link.3852-cvtres.read.1.tlog
E:\Lab 5 Rocket\Lab 5 Rocket\Lab 5 Rocket\Debug\link.3852-cvtres.write.1.tlog
E:\Lab 5 Rocket\Lab 5 Rocket\Lab 5 Rocket\Debug\link.3852.read.1.tlog
E:\Lab 5 Rocket\Lab 5 Rocket\Lab 5 Rocket\Debug\link.3852.write.1.tlog
E:\Lab 5 Rocket\Lab 5 Rocket\Lab 5 Rocket\Debug\link.2208-rc.read.1.tlog
E:\Lab 5 Rocket\Lab 5 Rocket\Lab 5 Rocket\Debug\link.2208-rc.write.1.tlog
E:\Lab 5 Rocket\Lab 5 Rocket\Lab 5 Rocket\Debug\link.2208-cvtres.read.1.tlog
E:\Lab 5 Rocket\Lab 5 Rocket\Lab 5 Rocket\Debug\link.2208-cvtres.write.1.tlog
E:\Lab 5 Rocket\Lab 5 Rocket\Lab 5 Rocket\Debug\link.2208.read.1.tlog
E:\Lab 5 Rocket\Lab 5 Rocket\Lab 5 Rocket\Debug\link.2208.write.1.tlog
E:\Lab 5 Rocket\Lab 5 Rocket\Lab 5 Rocket\Debug\link.6172.write.1.tlog
E:\Lab 5 Rocket\Lab 5 Rocket\Lab 5 Rocket\Debug\link.read.3.tlog
E:\Lab 5 Rocket\Lab 5 Rocket\Lab 5 Rocket\Debug\link.2540-rc.read.1.tlog
E:\Lab 5 Rocket\Lab 5 Rocket\Lab 5 Rocket\Debug\link.2540-rc.write.1.tlog
E:\Lab 5 Rocket\Lab 5 Rocket\Lab 5 Rocket\Debug\link.2540-cvtres.read.1.tlog
E:\Lab 5 Rocket\Lab 5 Rocket\Lab 5 Rocket\Debug\link.2540-cvtres.write.1.tlog
E:\Lab 5 Rocket\Lab 5 Rocket\Lab 5 Rocket\Debug\link.2540.read.1.tlog
E:\Lab 5 Rocket\Lab 5 Rocket\Lab 5 Rocket\Debug\link.2540.write.1.tlog
E:\Lab 5 Rocket\Lab 5 Rocket\Lab 5 Rocket\Debug\vc110.idb
E:\Lab 5 Rocket\Lab 5 Rocket\Lab 5 Rocket\Debug\vc110.pdb
E:\Lab 5 Rocket\Lab 5 Rocket\Debug\Lab 5 Rocket.pdb
E:\Lab 5 Rocket\Lab 5 Rocket\Debug\Lab 5 Rocket.exe
E:\Lab 5 Rocket\Lab 5 Rocket\Debug\Lab 5 Rocket.ilk
