Build started 14/04/2014 21:24:16.
     1>Project "C:\Users\crkinney\Desktop\Games Programming Coursework Project\Lab 5 Rocket\Lab 5 Rocket\Lab 5 Rocket\Lab 5 Rocket.vcxproj" on node 2 (Build target(s)).
     1>ClCompile:
         C:\Program Files (x86)\Microsoft Visual Studio 11.0\VC\bin\CL.exe /c /Id3d9.lib /Id3dx9.lib /I"C:\Users\crkinney\Desktop\Lab 5 Rocket\Lab 5 Rocket\Lab 5 Rocket" /ZI /nologo /W3 /WX- /Od /Oy- /D _MBCS /Gm /EHsc /RTC1 /MDd /GS /fp:precise /Zc:wchar_t /Zc:forScope /Fo"Debug\\" /Fd"Debug\vc110.pdb" /Gd /TP /analyze- /errorReport:prompt cD3DManager.cpp cD3DXSpriteMgr.cpp cD3DXTexture.cpp cSprite.cpp cEnemy.cpp cXAudio.cpp main.cpp
         main.cpp
         cXAudio.cpp
         cEnemy.cpp
         cSprite.cpp
         cD3DXTexture.cpp
         cD3DXSpriteMgr.cpp
         cD3DManager.cpp
         Generating Code...
       Link:
         C:\Program Files (x86)\Microsoft Visual Studio 11.0\VC\bin\link.exe /ERRORREPORT:PROMPT /OUT:"C:\Users\crkinney\Desktop\Games Programming Coursework Project\Lab 5 Rocket\Lab 5 Rocket\Debug\Lab 5 Rocket.exe" /INCREMENTAL /NOLOGO d3d9.lib d3dx9.lib DXUTOpt.lib winmm.lib dxerr.lib kernel32.lib user32.lib gdi32.lib winspool.lib comdlg32.lib advapi32.lib shell32.lib ole32.lib oleaut32.lib uuid.lib odbc32.lib odbccp32.lib /MANIFEST:NO /DEBUG /PDB:"C:\Users\crkinney\Desktop\Games Programming Coursework Project\Lab 5 Rocket\Lab 5 Rocket\Debug\Lab 5 Rocket.pdb" /TLBID:1 /DYNAMICBASE /NXCOMPAT /IMPLIB:"C:\Users\crkinney\Desktop\Games Programming Coursework Project\Lab 5 Rocket\Lab 5 Rocket\Debug\Lab 5 Rocket.lib" /MACHINE:X86 Debug\cD3DManager.obj
         Debug\cD3DXSpriteMgr.obj
         Debug\cD3DXTexture.obj
         Debug\cSprite.obj
         Debug\cEnemy.obj
         Debug\cXAudio.obj
         Debug\main.obj
     1>DXUTOpt.lib(SDKwavefile.obj) : warning LNK4099: PDB 'vc90.pdb' was not found with 'DXUTOpt.lib(SDKwavefile.obj)' or at 'C:\Users\crkinney\Desktop\Games Programming Coursework Project\Lab 5 Rocket\Lab 5 Rocket\Debug\vc90.pdb'; linking object as if no debug info
         Lab 5 Rocket.vcxproj -> C:\Users\crkinney\Desktop\Games Programming Coursework Project\Lab 5 Rocket\Lab 5 Rocket\Debug\Lab 5 Rocket.exe
     1>Done Building Project "C:\Users\crkinney\Desktop\Games Programming Coursework Project\Lab 5 Rocket\Lab 5 Rocket\Lab 5 Rocket\Lab 5 Rocket.vcxproj" (Build target(s)).

Build succeeded.

Time Elapsed 00:00:06.11
